<testsuites id="" name="" tests="20" failures="16" skipped="0" errors="0" time="125.587489">
<testsuite name="complete-user-journey-new.spec.ts" timestamp="2025-08-23T16:45:07.286Z" hostname="chromium" tests="4" failures="3" skipped="0" time="33.446" errors="0">
<testcase name="Complete User Journey - Authentication &amp; Payment Flow â€º New user complete journey: signup â†’ payment â†’ bot access" classname="complete-user-journey-new.spec.ts" time="11.342">
<failure message="complete-user-journey-new.spec.ts:13:7 New user complete journey: signup â†’ payment â†’ bot access" type="FAILURE">
<![CDATA[  [chromium] â€º complete-user-journey-new.spec.ts:13:7 â€º Complete User Journey - Authentication & Payment Flow â€º New user complete journey: signup â†’ payment â†’ bot access 

    TimeoutError: page.waitForSelector: Timeout 5000ms exceeded.
    Call log:
      - waiting for locator('[data-testid="auth-modal"]') to be visible


      28 |     await page.click('button:has-text("Get Started")');
      29 |     // Wait for auth modal to appear
    > 30 |     await page.waitForSelector('[data-testid="auth-modal"]', { timeout: 5000 });
         |                ^
      31 |
      32 |     // Step 4: Sign up as new user
      33 |     console.log('ðŸ“ Step 4: Sign up new user');
        at C:\Users\jayve\projects\project\clixen-ai\frontend\tests\complete-user-journey-new.spec.ts:30:16

    attachment #1: screenshot (image/png) â”€â”€â”€â”€â”€â”€â”€â”€â”€â”€â”€â”€â”€â”€â”€â”€â”€â”€â”€â”€â”€â”€â”€â”€â”€â”€â”€â”€â”€â”€â”€â”€â”€â”€â”€â”€â”€â”€â”€â”€â”€â”€â”€â”€â”€â”€â”€â”€â”€â”€â”€â”€â”€â”€â”€â”€â”€â”€
    ..\test-results\complete-user-journey-new--eec5a-gnup-â†’-payment-â†’-bot-access-chromium\test-failed-1.png
    â”€â”€â”€â”€â”€â”€â”€â”€â”€â”€â”€â”€â”€â”€â”€â”€â”€â”€â”€â”€â”€â”€â”€â”€â”€â”€â”€â”€â”€â”€â”€â”€â”€â”€â”€â”€â”€â”€â”€â”€â”€â”€â”€â”€â”€â”€â”€â”€â”€â”€â”€â”€â”€â”€â”€â”€â”€â”€â”€â”€â”€â”€â”€â”€â”€â”€â”€â”€â”€â”€â”€â”€â”€â”€â”€â”€â”€â”€â”€â”€â”€â”€â”€â”€â”€â”€â”€â”€â”€â”€â”€â”€â”€â”€â”€â”€

    attachment #2: video (video/webm) â”€â”€â”€â”€â”€â”€â”€â”€â”€â”€â”€â”€â”€â”€â”€â”€â”€â”€â”€â”€â”€â”€â”€â”€â”€â”€â”€â”€â”€â”€â”€â”€â”€â”€â”€â”€â”€â”€â”€â”€â”€â”€â”€â”€â”€â”€â”€â”€â”€â”€â”€â”€â”€â”€â”€â”€â”€â”€â”€â”€â”€â”€
    ..\test-results\complete-user-journey-new--eec5a-gnup-â†’-payment-â†’-bot-access-chromium\video.webm
    â”€â”€â”€â”€â”€â”€â”€â”€â”€â”€â”€â”€â”€â”€â”€â”€â”€â”€â”€â”€â”€â”€â”€â”€â”€â”€â”€â”€â”€â”€â”€â”€â”€â”€â”€â”€â”€â”€â”€â”€â”€â”€â”€â”€â”€â”€â”€â”€â”€â”€â”€â”€â”€â”€â”€â”€â”€â”€â”€â”€â”€â”€â”€â”€â”€â”€â”€â”€â”€â”€â”€â”€â”€â”€â”€â”€â”€â”€â”€â”€â”€â”€â”€â”€â”€â”€â”€â”€â”€â”€â”€â”€â”€â”€â”€â”€

    Error Context: ..\test-results\complete-user-journey-new--eec5a-gnup-â†’-payment-â†’-bot-access-chromium\error-context.md
]]>
</failure>
<system-out>
<![CDATA[ðŸ§ª Starting new user complete journey test...
ðŸ“ Step 1: Verify landing page loads
ðŸ“ Step 2: Verify dashboard redirect when not authenticated
ðŸ“ Step 3: Trigger authentication modal

[[ATTACHMENT|complete-user-journey-new--eec5a-gnup-â†’-payment-â†’-bot-access-chromium\test-failed-1.png]]

[[ATTACHMENT|complete-user-journey-new--eec5a-gnup-â†’-payment-â†’-bot-access-chromium\video.webm]]

[[ATTACHMENT|complete-user-journey-new--eec5a-gnup-â†’-payment-â†’-bot-access-chromium\error-context.md]]
]]>
</system-out>
</testcase>
<testcase name="Complete User Journey - Authentication &amp; Payment Flow â€º Returning user with payment should access bot directly" classname="complete-user-journey-new.spec.ts" time="10.266">
<failure message="complete-user-journey-new.spec.ts:99:7 Returning user with payment should access bot directly" type="FAILURE">
<![CDATA[  [chromium] â€º complete-user-journey-new.spec.ts:99:7 â€º Complete User Journey - Authentication & Payment Flow â€º Returning user with payment should access bot directly 

    TimeoutError: page.waitForSelector: Timeout 5000ms exceeded.
    Call log:
      - waiting for locator('[data-testid="auth-modal"]') to be visible


      103 |     console.log('ðŸ“ Step 1: Sign in existing user');
      104 |     await page.click('button:has-text("Sign In")');
    > 105 |     await page.waitForSelector('[data-testid="auth-modal"]', { timeout: 5000 });
          |                ^
      106 |     
      107 |     // Use existing test user
      108 |     await page.fill('input[type="email"]', 'testuser1@email.com');
        at C:\Users\jayve\projects\project\clixen-ai\frontend\tests\complete-user-journey-new.spec.ts:105:16

    attachment #1: screenshot (image/png) â”€â”€â”€â”€â”€â”€â”€â”€â”€â”€â”€â”€â”€â”€â”€â”€â”€â”€â”€â”€â”€â”€â”€â”€â”€â”€â”€â”€â”€â”€â”€â”€â”€â”€â”€â”€â”€â”€â”€â”€â”€â”€â”€â”€â”€â”€â”€â”€â”€â”€â”€â”€â”€â”€â”€â”€â”€â”€
    ..\test-results\complete-user-journey-new--4982b--should-access-bot-directly-chromium\test-failed-1.png
    â”€â”€â”€â”€â”€â”€â”€â”€â”€â”€â”€â”€â”€â”€â”€â”€â”€â”€â”€â”€â”€â”€â”€â”€â”€â”€â”€â”€â”€â”€â”€â”€â”€â”€â”€â”€â”€â”€â”€â”€â”€â”€â”€â”€â”€â”€â”€â”€â”€â”€â”€â”€â”€â”€â”€â”€â”€â”€â”€â”€â”€â”€â”€â”€â”€â”€â”€â”€â”€â”€â”€â”€â”€â”€â”€â”€â”€â”€â”€â”€â”€â”€â”€â”€â”€â”€â”€â”€â”€â”€â”€â”€â”€â”€â”€â”€

    attachment #2: video (video/webm) â”€â”€â”€â”€â”€â”€â”€â”€â”€â”€â”€â”€â”€â”€â”€â”€â”€â”€â”€â”€â”€â”€â”€â”€â”€â”€â”€â”€â”€â”€â”€â”€â”€â”€â”€â”€â”€â”€â”€â”€â”€â”€â”€â”€â”€â”€â”€â”€â”€â”€â”€â”€â”€â”€â”€â”€â”€â”€â”€â”€â”€â”€
    ..\test-results\complete-user-journey-new--4982b--should-access-bot-directly-chromium\video.webm
    â”€â”€â”€â”€â”€â”€â”€â”€â”€â”€â”€â”€â”€â”€â”€â”€â”€â”€â”€â”€â”€â”€â”€â”€â”€â”€â”€â”€â”€â”€â”€â”€â”€â”€â”€â”€â”€â”€â”€â”€â”€â”€â”€â”€â”€â”€â”€â”€â”€â”€â”€â”€â”€â”€â”€â”€â”€â”€â”€â”€â”€â”€â”€â”€â”€â”€â”€â”€â”€â”€â”€â”€â”€â”€â”€â”€â”€â”€â”€â”€â”€â”€â”€â”€â”€â”€â”€â”€â”€â”€â”€â”€â”€â”€â”€â”€

    Error Context: ..\test-results\complete-user-journey-new--4982b--should-access-bot-directly-chromium\error-context.md
]]>
</failure>
<system-out>
<![CDATA[ðŸ§ª Starting returning user test...
ðŸ“ Step 1: Sign in existing user

[[ATTACHMENT|complete-user-journey-new--4982b--should-access-bot-directly-chromium\test-failed-1.png]]

[[ATTACHMENT|complete-user-journey-new--4982b--should-access-bot-directly-chromium\video.webm]]

[[ATTACHMENT|complete-user-journey-new--4982b--should-access-bot-directly-chromium\error-context.md]]
]]>
</system-out>
</testcase>
<testcase name="Complete User Journey - Authentication &amp; Payment Flow â€º Protected routes security test" classname="complete-user-journey-new.spec.ts" time="9.104">
<system-out>
<![CDATA[ðŸ§ª Starting security test...
ðŸ“ Testing route: /dashboard
âœ… Route /dashboard properly protected
ðŸ“ Testing route: /profile
âœ… Route /profile properly protected
ðŸ“ Testing route: /bot-access
âœ… Route /bot-access properly protected
ðŸ“ Testing route: /subscription
âœ… Route /subscription properly protected
âœ… Security test completed
]]>
</system-out>
</testcase>
<testcase name="Complete User Journey - Authentication &amp; Payment Flow â€º Payment flow integration test" classname="complete-user-journey-new.spec.ts" time="2.734">
<failure message="complete-user-journey-new.spec.ts:167:7 Payment flow integration test" type="FAILURE">
<![CDATA[  [chromium] â€º complete-user-journey-new.spec.ts:167:7 â€º Complete User Journey - Authentication & Payment Flow â€º Payment flow integration test 

    Error: expect.toBeVisible: Error: strict mode violation: locator('text=$9') resolved to 2 elements:
        1) <div class="text-3xl font-bold text-blue-600 mb-4">â€¦</div> aka getByText('$9/mo')
        2) <div class="text-3xl font-bold text-blue-600 mb-4">â€¦</div> aka getByText('$99/mo')

    Call log:
      - Expect "toBeVisible" with timeout 10000ms
      - waiting for locator('text=$9')


      179 |     // Step 2: Check plan features
      180 |     console.log('ðŸ“ Step 2: Verify plan features');
    > 181 |     await expect(page.locator('text=$9')).toBeVisible();
          |                                           ^
      182 |     await expect(page.locator('text=$29')).toBeVisible();
      183 |     await expect(page.locator('text=$99')).toBeVisible();
      184 |
        at C:\Users\jayve\projects\project\clixen-ai\frontend\tests\complete-user-journey-new.spec.ts:181:43

    attachment #1: screenshot (image/png) â”€â”€â”€â”€â”€â”€â”€â”€â”€â”€â”€â”€â”€â”€â”€â”€â”€â”€â”€â”€â”€â”€â”€â”€â”€â”€â”€â”€â”€â”€â”€â”€â”€â”€â”€â”€â”€â”€â”€â”€â”€â”€â”€â”€â”€â”€â”€â”€â”€â”€â”€â”€â”€â”€â”€â”€â”€â”€
    ..\test-results\complete-user-journey-new--37d8e-yment-flow-integration-test-chromium\test-failed-1.png
    â”€â”€â”€â”€â”€â”€â”€â”€â”€â”€â”€â”€â”€â”€â”€â”€â”€â”€â”€â”€â”€â”€â”€â”€â”€â”€â”€â”€â”€â”€â”€â”€â”€â”€â”€â”€â”€â”€â”€â”€â”€â”€â”€â”€â”€â”€â”€â”€â”€â”€â”€â”€â”€â”€â”€â”€â”€â”€â”€â”€â”€â”€â”€â”€â”€â”€â”€â”€â”€â”€â”€â”€â”€â”€â”€â”€â”€â”€â”€â”€â”€â”€â”€â”€â”€â”€â”€â”€â”€â”€â”€â”€â”€â”€â”€â”€

    attachment #2: video (video/webm) â”€â”€â”€â”€â”€â”€â”€â”€â”€â”€â”€â”€â”€â”€â”€â”€â”€â”€â”€â”€â”€â”€â”€â”€â”€â”€â”€â”€â”€â”€â”€â”€â”€â”€â”€â”€â”€â”€â”€â”€â”€â”€â”€â”€â”€â”€â”€â”€â”€â”€â”€â”€â”€â”€â”€â”€â”€â”€â”€â”€â”€â”€
    ..\test-results\complete-user-journey-new--37d8e-yment-flow-integration-test-chromium\video.webm
    â”€â”€â”€â”€â”€â”€â”€â”€â”€â”€â”€â”€â”€â”€â”€â”€â”€â”€â”€â”€â”€â”€â”€â”€â”€â”€â”€â”€â”€â”€â”€â”€â”€â”€â”€â”€â”€â”€â”€â”€â”€â”€â”€â”€â”€â”€â”€â”€â”€â”€â”€â”€â”€â”€â”€â”€â”€â”€â”€â”€â”€â”€â”€â”€â”€â”€â”€â”€â”€â”€â”€â”€â”€â”€â”€â”€â”€â”€â”€â”€â”€â”€â”€â”€â”€â”€â”€â”€â”€â”€â”€â”€â”€â”€â”€â”€

    Error Context: ..\test-results\complete-user-journey-new--37d8e-yment-flow-integration-test-chromium\error-context.md
]]>
</failure>
<system-out>
<![CDATA[ðŸ§ª Starting payment flow test...
ðŸ“ Step 1: Verify pricing plans
ðŸ“ Step 2: Verify plan features

[[ATTACHMENT|complete-user-journey-new--37d8e-yment-flow-integration-test-chromium\test-failed-1.png]]

[[ATTACHMENT|complete-user-journey-new--37d8e-yment-flow-integration-test-chromium\video.webm]]

[[ATTACHMENT|complete-user-journey-new--37d8e-yment-flow-integration-test-chromium\error-context.md]]
]]>
</system-out>
</testcase>
</testsuite>
<testsuite name="complete-user-journey-new.spec.ts" timestamp="2025-08-23T16:45:07.286Z" hostname="firefox" tests="4" failures="3" skipped="0" time="67.885" errors="0">
<testcase name="Complete User Journey - Authentication &amp; Payment Flow â€º New user complete journey: signup â†’ payment â†’ bot access" classname="complete-user-journey-new.spec.ts" time="18.833">
<failure message="complete-user-journey-new.spec.ts:13:7 New user complete journey: signup â†’ payment â†’ bot access" type="FAILURE">
<![CDATA[  [firefox] â€º complete-user-journey-new.spec.ts:13:7 â€º Complete User Journey - Authentication & Payment Flow â€º New user complete journey: signup â†’ payment â†’ bot access 

    TimeoutError: page.waitForSelector: Timeout 5000ms exceeded.
    Call log:
      - waiting for locator('[data-testid="auth-modal"]') to be visible


      28 |     await page.click('button:has-text("Get Started")');
      29 |     // Wait for auth modal to appear
    > 30 |     await page.waitForSelector('[data-testid="auth-modal"]', { timeout: 5000 });
         |                ^
      31 |
      32 |     // Step 4: Sign up as new user
      33 |     console.log('ðŸ“ Step 4: Sign up new user');
        at C:\Users\jayve\projects\project\clixen-ai\frontend\tests\complete-user-journey-new.spec.ts:30:16

    attachment #1: screenshot (image/png) â”€â”€â”€â”€â”€â”€â”€â”€â”€â”€â”€â”€â”€â”€â”€â”€â”€â”€â”€â”€â”€â”€â”€â”€â”€â”€â”€â”€â”€â”€â”€â”€â”€â”€â”€â”€â”€â”€â”€â”€â”€â”€â”€â”€â”€â”€â”€â”€â”€â”€â”€â”€â”€â”€â”€â”€â”€â”€
    ..\test-results\complete-user-journey-new--eec5a-gnup-â†’-payment-â†’-bot-access-firefox\test-failed-1.png
    â”€â”€â”€â”€â”€â”€â”€â”€â”€â”€â”€â”€â”€â”€â”€â”€â”€â”€â”€â”€â”€â”€â”€â”€â”€â”€â”€â”€â”€â”€â”€â”€â”€â”€â”€â”€â”€â”€â”€â”€â”€â”€â”€â”€â”€â”€â”€â”€â”€â”€â”€â”€â”€â”€â”€â”€â”€â”€â”€â”€â”€â”€â”€â”€â”€â”€â”€â”€â”€â”€â”€â”€â”€â”€â”€â”€â”€â”€â”€â”€â”€â”€â”€â”€â”€â”€â”€â”€â”€â”€â”€â”€â”€â”€â”€â”€

    attachment #2: video (video/webm) â”€â”€â”€â”€â”€â”€â”€â”€â”€â”€â”€â”€â”€â”€â”€â”€â”€â”€â”€â”€â”€â”€â”€â”€â”€â”€â”€â”€â”€â”€â”€â”€â”€â”€â”€â”€â”€â”€â”€â”€â”€â”€â”€â”€â”€â”€â”€â”€â”€â”€â”€â”€â”€â”€â”€â”€â”€â”€â”€â”€â”€â”€
    ..\test-results\complete-user-journey-new--eec5a-gnup-â†’-payment-â†’-bot-access-firefox\video.webm
    â”€â”€â”€â”€â”€â”€â”€â”€â”€â”€â”€â”€â”€â”€â”€â”€â”€â”€â”€â”€â”€â”€â”€â”€â”€â”€â”€â”€â”€â”€â”€â”€â”€â”€â”€â”€â”€â”€â”€â”€â”€â”€â”€â”€â”€â”€â”€â”€â”€â”€â”€â”€â”€â”€â”€â”€â”€â”€â”€â”€â”€â”€â”€â”€â”€â”€â”€â”€â”€â”€â”€â”€â”€â”€â”€â”€â”€â”€â”€â”€â”€â”€â”€â”€â”€â”€â”€â”€â”€â”€â”€â”€â”€â”€â”€â”€

    Error Context: ..\test-results\complete-user-journey-new--eec5a-gnup-â†’-payment-â†’-bot-access-firefox\error-context.md
]]>
</failure>
<system-out>
<![CDATA[ðŸ§ª Starting new user complete journey test...
ðŸ“ Step 1: Verify landing page loads
ðŸ“ Step 2: Verify dashboard redirect when not authenticated
ðŸ“ Step 3: Trigger authentication modal

[[ATTACHMENT|complete-user-journey-new--eec5a-gnup-â†’-payment-â†’-bot-access-firefox\test-failed-1.png]]

[[ATTACHMENT|complete-user-journey-new--eec5a-gnup-â†’-payment-â†’-bot-access-firefox\video.webm]]

[[ATTACHMENT|complete-user-journey-new--eec5a-gnup-â†’-payment-â†’-bot-access-firefox\error-context.md]]
]]>
</system-out>
</testcase>
<testcase name="Complete User Journey - Authentication &amp; Payment Flow â€º Returning user with payment should access bot directly" classname="complete-user-journey-new.spec.ts" time="14.764">
<failure message="complete-user-journey-new.spec.ts:99:7 Returning user with payment should access bot directly" type="FAILURE">
<![CDATA[  [firefox] â€º complete-user-journey-new.spec.ts:99:7 â€º Complete User Journey - Authentication & Payment Flow â€º Returning user with payment should access bot directly 

    TimeoutError: page.waitForSelector: Timeout 5000ms exceeded.
    Call log:
      - waiting for locator('[data-testid="auth-modal"]') to be visible


      103 |     console.log('ðŸ“ Step 1: Sign in existing user');
      104 |     await page.click('button:has-text("Sign In")');
    > 105 |     await page.waitForSelector('[data-testid="auth-modal"]', { timeout: 5000 });
          |                ^
      106 |     
      107 |     // Use existing test user
      108 |     await page.fill('input[type="email"]', 'testuser1@email.com');
        at C:\Users\jayve\projects\project\clixen-ai\frontend\tests\complete-user-journey-new.spec.ts:105:16

    attachment #1: screenshot (image/png) â”€â”€â”€â”€â”€â”€â”€â”€â”€â”€â”€â”€â”€â”€â”€â”€â”€â”€â”€â”€â”€â”€â”€â”€â”€â”€â”€â”€â”€â”€â”€â”€â”€â”€â”€â”€â”€â”€â”€â”€â”€â”€â”€â”€â”€â”€â”€â”€â”€â”€â”€â”€â”€â”€â”€â”€â”€â”€
    ..\test-results\complete-user-journey-new--4982b--should-access-bot-directly-firefox\test-failed-1.png
    â”€â”€â”€â”€â”€â”€â”€â”€â”€â”€â”€â”€â”€â”€â”€â”€â”€â”€â”€â”€â”€â”€â”€â”€â”€â”€â”€â”€â”€â”€â”€â”€â”€â”€â”€â”€â”€â”€â”€â”€â”€â”€â”€â”€â”€â”€â”€â”€â”€â”€â”€â”€â”€â”€â”€â”€â”€â”€â”€â”€â”€â”€â”€â”€â”€â”€â”€â”€â”€â”€â”€â”€â”€â”€â”€â”€â”€â”€â”€â”€â”€â”€â”€â”€â”€â”€â”€â”€â”€â”€â”€â”€â”€â”€â”€â”€

    attachment #2: video (video/webm) â”€â”€â”€â”€â”€â”€â”€â”€â”€â”€â”€â”€â”€â”€â”€â”€â”€â”€â”€â”€â”€â”€â”€â”€â”€â”€â”€â”€â”€â”€â”€â”€â”€â”€â”€â”€â”€â”€â”€â”€â”€â”€â”€â”€â”€â”€â”€â”€â”€â”€â”€â”€â”€â”€â”€â”€â”€â”€â”€â”€â”€â”€
    ..\test-results\complete-user-journey-new--4982b--should-access-bot-directly-firefox\video.webm
    â”€â”€â”€â”€â”€â”€â”€â”€â”€â”€â”€â”€â”€â”€â”€â”€â”€â”€â”€â”€â”€â”€â”€â”€â”€â”€â”€â”€â”€â”€â”€â”€â”€â”€â”€â”€â”€â”€â”€â”€â”€â”€â”€â”€â”€â”€â”€â”€â”€â”€â”€â”€â”€â”€â”€â”€â”€â”€â”€â”€â”€â”€â”€â”€â”€â”€â”€â”€â”€â”€â”€â”€â”€â”€â”€â”€â”€â”€â”€â”€â”€â”€â”€â”€â”€â”€â”€â”€â”€â”€â”€â”€â”€â”€â”€â”€

    Error Context: ..\test-results\complete-user-journey-new--4982b--should-access-bot-directly-firefox\error-context.md
]]>
</failure>
<system-out>
<![CDATA[ðŸ§ª Starting returning user test...
ðŸ“ Step 1: Sign in existing user

[[ATTACHMENT|complete-user-journey-new--4982b--should-access-bot-directly-firefox\test-failed-1.png]]

[[ATTACHMENT|complete-user-journey-new--4982b--should-access-bot-directly-firefox\video.webm]]

[[ATTACHMENT|complete-user-journey-new--4982b--should-access-bot-directly-firefox\error-context.md]]
]]>
</system-out>
</testcase>
<testcase name="Complete User Journey - Authentication &amp; Payment Flow â€º Protected routes security test" classname="complete-user-journey-new.spec.ts" time="22.252">
<system-out>
<![CDATA[ðŸ§ª Starting security test...
ðŸ“ Testing route: /dashboard
âœ… Route /dashboard properly protected
ðŸ“ Testing route: /profile
âœ… Route /profile properly protected
ðŸ“ Testing route: /bot-access
âœ… Route /bot-access properly protected
ðŸ“ Testing route: /subscription
âœ… Route /subscription properly protected
âœ… Security test completed
]]>
</system-out>
</testcase>
<testcase name="Complete User Journey - Authentication &amp; Payment Flow â€º Payment flow integration test" classname="complete-user-journey-new.spec.ts" time="12.036">
<failure message="complete-user-journey-new.spec.ts:167:7 Payment flow integration test" type="FAILURE">
<![CDATA[  [firefox] â€º complete-user-journey-new.spec.ts:167:7 â€º Complete User Journey - Authentication & Payment Flow â€º Payment flow integration test 

    Error: expect.toBeVisible: Error: strict mode violation: locator('text=$9') resolved to 2 elements:
        1) <div class="text-3xl font-bold text-blue-600 mb-4">â€¦</div> aka getByText('$9/mo')
        2) <div class="text-3xl font-bold text-blue-600 mb-4">â€¦</div> aka getByText('$99/mo')

    Call log:
      - Expect "toBeVisible" with timeout 10000ms
      - waiting for locator('text=$9')


      179 |     // Step 2: Check plan features
      180 |     console.log('ðŸ“ Step 2: Verify plan features');
    > 181 |     await expect(page.locator('text=$9')).toBeVisible();
          |                                           ^
      182 |     await expect(page.locator('text=$29')).toBeVisible();
      183 |     await expect(page.locator('text=$99')).toBeVisible();
      184 |
        at C:\Users\jayve\projects\project\clixen-ai\frontend\tests\complete-user-journey-new.spec.ts:181:43

    attachment #1: screenshot (image/png) â”€â”€â”€â”€â”€â”€â”€â”€â”€â”€â”€â”€â”€â”€â”€â”€â”€â”€â”€â”€â”€â”€â”€â”€â”€â”€â”€â”€â”€â”€â”€â”€â”€â”€â”€â”€â”€â”€â”€â”€â”€â”€â”€â”€â”€â”€â”€â”€â”€â”€â”€â”€â”€â”€â”€â”€â”€â”€
    ..\test-results\complete-user-journey-new--37d8e-yment-flow-integration-test-firefox\test-failed-1.png
    â”€â”€â”€â”€â”€â”€â”€â”€â”€â”€â”€â”€â”€â”€â”€â”€â”€â”€â”€â”€â”€â”€â”€â”€â”€â”€â”€â”€â”€â”€â”€â”€â”€â”€â”€â”€â”€â”€â”€â”€â”€â”€â”€â”€â”€â”€â”€â”€â”€â”€â”€â”€â”€â”€â”€â”€â”€â”€â”€â”€â”€â”€â”€â”€â”€â”€â”€â”€â”€â”€â”€â”€â”€â”€â”€â”€â”€â”€â”€â”€â”€â”€â”€â”€â”€â”€â”€â”€â”€â”€â”€â”€â”€â”€â”€â”€

    attachment #2: video (video/webm) â”€â”€â”€â”€â”€â”€â”€â”€â”€â”€â”€â”€â”€â”€â”€â”€â”€â”€â”€â”€â”€â”€â”€â”€â”€â”€â”€â”€â”€â”€â”€â”€â”€â”€â”€â”€â”€â”€â”€â”€â”€â”€â”€â”€â”€â”€â”€â”€â”€â”€â”€â”€â”€â”€â”€â”€â”€â”€â”€â”€â”€â”€
    ..\test-results\complete-user-journey-new--37d8e-yment-flow-integration-test-firefox\video.webm
    â”€â”€â”€â”€â”€â”€â”€â”€â”€â”€â”€â”€â”€â”€â”€â”€â”€â”€â”€â”€â”€â”€â”€â”€â”€â”€â”€â”€â”€â”€â”€â”€â”€â”€â”€â”€â”€â”€â”€â”€â”€â”€â”€â”€â”€â”€â”€â”€â”€â”€â”€â”€â”€â”€â”€â”€â”€â”€â”€â”€â”€â”€â”€â”€â”€â”€â”€â”€â”€â”€â”€â”€â”€â”€â”€â”€â”€â”€â”€â”€â”€â”€â”€â”€â”€â”€â”€â”€â”€â”€â”€â”€â”€â”€â”€â”€

    Error Context: ..\test-results\complete-user-journey-new--37d8e-yment-flow-integration-test-firefox\error-context.md
]]>
</failure>
<system-out>
<![CDATA[ðŸ§ª Starting payment flow test...
ðŸ“ Step 1: Verify pricing plans
ðŸ“ Step 2: Verify plan features

[[ATTACHMENT|complete-user-journey-new--37d8e-yment-flow-integration-test-firefox\test-failed-1.png]]

[[ATTACHMENT|complete-user-journey-new--37d8e-yment-flow-integration-test-firefox\video.webm]]

[[ATTACHMENT|complete-user-journey-new--37d8e-yment-flow-integration-test-firefox\error-context.md]]
]]>
</system-out>
</testcase>
</testsuite>
<testsuite name="complete-user-journey-new.spec.ts" timestamp="2025-08-23T16:45:07.286Z" hostname="webkit" tests="4" failures="3" skipped="0" time="39.538" errors="0">
<testcase name="Complete User Journey - Authentication &amp; Payment Flow â€º New user complete journey: signup â†’ payment â†’ bot access" classname="complete-user-journey-new.spec.ts" time="11.098">
<failure message="complete-user-journey-new.spec.ts:13:7 New user complete journey: signup â†’ payment â†’ bot access" type="FAILURE">
<![CDATA[  [webkit] â€º complete-user-journey-new.spec.ts:13:7 â€º Complete User Journey - Authentication & Payment Flow â€º New user complete journey: signup â†’ payment â†’ bot access 

    TimeoutError: page.waitForSelector: Timeout 5000ms exceeded.
    Call log:
      - waiting for locator('[data-testid="auth-modal"]') to be visible


      28 |     await page.click('button:has-text("Get Started")');
      29 |     // Wait for auth modal to appear
    > 30 |     await page.waitForSelector('[data-testid="auth-modal"]', { timeout: 5000 });
         |                ^
      31 |
      32 |     // Step 4: Sign up as new user
      33 |     console.log('ðŸ“ Step 4: Sign up new user');
        at C:\Users\jayve\projects\project\clixen-ai\frontend\tests\complete-user-journey-new.spec.ts:30:16

    attachment #1: screenshot (image/png) â”€â”€â”€â”€â”€â”€â”€â”€â”€â”€â”€â”€â”€â”€â”€â”€â”€â”€â”€â”€â”€â”€â”€â”€â”€â”€â”€â”€â”€â”€â”€â”€â”€â”€â”€â”€â”€â”€â”€â”€â”€â”€â”€â”€â”€â”€â”€â”€â”€â”€â”€â”€â”€â”€â”€â”€â”€â”€
    ..\test-results\complete-user-journey-new--eec5a-gnup-â†’-payment-â†’-bot-access-webkit\test-failed-1.png
    â”€â”€â”€â”€â”€â”€â”€â”€â”€â”€â”€â”€â”€â”€â”€â”€â”€â”€â”€â”€â”€â”€â”€â”€â”€â”€â”€â”€â”€â”€â”€â”€â”€â”€â”€â”€â”€â”€â”€â”€â”€â”€â”€â”€â”€â”€â”€â”€â”€â”€â”€â”€â”€â”€â”€â”€â”€â”€â”€â”€â”€â”€â”€â”€â”€â”€â”€â”€â”€â”€â”€â”€â”€â”€â”€â”€â”€â”€â”€â”€â”€â”€â”€â”€â”€â”€â”€â”€â”€â”€â”€â”€â”€â”€â”€â”€

    attachment #2: video (video/webm) â”€â”€â”€â”€â”€â”€â”€â”€â”€â”€â”€â”€â”€â”€â”€â”€â”€â”€â”€â”€â”€â”€â”€â”€â”€â”€â”€â”€â”€â”€â”€â”€â”€â”€â”€â”€â”€â”€â”€â”€â”€â”€â”€â”€â”€â”€â”€â”€â”€â”€â”€â”€â”€â”€â”€â”€â”€â”€â”€â”€â”€â”€
    ..\test-results\complete-user-journey-new--eec5a-gnup-â†’-payment-â†’-bot-access-webkit\video.webm
    â”€â”€â”€â”€â”€â”€â”€â”€â”€â”€â”€â”€â”€â”€â”€â”€â”€â”€â”€â”€â”€â”€â”€â”€â”€â”€â”€â”€â”€â”€â”€â”€â”€â”€â”€â”€â”€â”€â”€â”€â”€â”€â”€â”€â”€â”€â”€â”€â”€â”€â”€â”€â”€â”€â”€â”€â”€â”€â”€â”€â”€â”€â”€â”€â”€â”€â”€â”€â”€â”€â”€â”€â”€â”€â”€â”€â”€â”€â”€â”€â”€â”€â”€â”€â”€â”€â”€â”€â”€â”€â”€â”€â”€â”€â”€â”€

    Error Context: ..\test-results\complete-user-journey-new--eec5a-gnup-â†’-payment-â†’-bot-access-webkit\error-context.md
]]>
</failure>
<system-out>
<![CDATA[ðŸ§ª Starting new user complete journey test...
ðŸ“ Step 1: Verify landing page loads
ðŸ“ Step 2: Verify dashboard redirect when not authenticated
ðŸ“ Step 3: Trigger authentication modal

[[ATTACHMENT|complete-user-journey-new--eec5a-gnup-â†’-payment-â†’-bot-access-webkit\test-failed-1.png]]

[[ATTACHMENT|complete-user-journey-new--eec5a-gnup-â†’-payment-â†’-bot-access-webkit\video.webm]]

[[ATTACHMENT|complete-user-journey-new--eec5a-gnup-â†’-payment-â†’-bot-access-webkit\error-context.md]]
]]>
</system-out>
</testcase>
<testcase name="Complete User Journey - Authentication &amp; Payment Flow â€º Returning user with payment should access bot directly" classname="complete-user-journey-new.spec.ts" time="9.711">
<failure message="complete-user-journey-new.spec.ts:99:7 Returning user with payment should access bot directly" type="FAILURE">
<![CDATA[  [webkit] â€º complete-user-journey-new.spec.ts:99:7 â€º Complete User Journey - Authentication & Payment Flow â€º Returning user with payment should access bot directly 

    TimeoutError: page.waitForSelector: Timeout 5000ms exceeded.
    Call log:
      - waiting for locator('[data-testid="auth-modal"]') to be visible


      103 |     console.log('ðŸ“ Step 1: Sign in existing user');
      104 |     await page.click('button:has-text("Sign In")');
    > 105 |     await page.waitForSelector('[data-testid="auth-modal"]', { timeout: 5000 });
          |                ^
      106 |     
      107 |     // Use existing test user
      108 |     await page.fill('input[type="email"]', 'testuser1@email.com');
        at C:\Users\jayve\projects\project\clixen-ai\frontend\tests\complete-user-journey-new.spec.ts:105:16

    attachment #1: screenshot (image/png) â”€â”€â”€â”€â”€â”€â”€â”€â”€â”€â”€â”€â”€â”€â”€â”€â”€â”€â”€â”€â”€â”€â”€â”€â”€â”€â”€â”€â”€â”€â”€â”€â”€â”€â”€â”€â”€â”€â”€â”€â”€â”€â”€â”€â”€â”€â”€â”€â”€â”€â”€â”€â”€â”€â”€â”€â”€â”€
    ..\test-results\complete-user-journey-new--4982b--should-access-bot-directly-webkit\test-failed-1.png
    â”€â”€â”€â”€â”€â”€â”€â”€â”€â”€â”€â”€â”€â”€â”€â”€â”€â”€â”€â”€â”€â”€â”€â”€â”€â”€â”€â”€â”€â”€â”€â”€â”€â”€â”€â”€â”€â”€â”€â”€â”€â”€â”€â”€â”€â”€â”€â”€â”€â”€â”€â”€â”€â”€â”€â”€â”€â”€â”€â”€â”€â”€â”€â”€â”€â”€â”€â”€â”€â”€â”€â”€â”€â”€â”€â”€â”€â”€â”€â”€â”€â”€â”€â”€â”€â”€â”€â”€â”€â”€â”€â”€â”€â”€â”€â”€

    attachment #2: video (video/webm) â”€â”€â”€â”€â”€â”€â”€â”€â”€â”€â”€â”€â”€â”€â”€â”€â”€â”€â”€â”€â”€â”€â”€â”€â”€â”€â”€â”€â”€â”€â”€â”€â”€â”€â”€â”€â”€â”€â”€â”€â”€â”€â”€â”€â”€â”€â”€â”€â”€â”€â”€â”€â”€â”€â”€â”€â”€â”€â”€â”€â”€â”€
    ..\test-results\complete-user-journey-new--4982b--should-access-bot-directly-webkit\video.webm
    â”€â”€â”€â”€â”€â”€â”€â”€â”€â”€â”€â”€â”€â”€â”€â”€â”€â”€â”€â”€â”€â”€â”€â”€â”€â”€â”€â”€â”€â”€â”€â”€â”€â”€â”€â”€â”€â”€â”€â”€â”€â”€â”€â”€â”€â”€â”€â”€â”€â”€â”€â”€â”€â”€â”€â”€â”€â”€â”€â”€â”€â”€â”€â”€â”€â”€â”€â”€â”€â”€â”€â”€â”€â”€â”€â”€â”€â”€â”€â”€â”€â”€â”€â”€â”€â”€â”€â”€â”€â”€â”€â”€â”€â”€â”€â”€

    Error Context: ..\test-results\complete-user-journey-new--4982b--should-access-bot-directly-webkit\error-context.md
]]>
</failure>
<system-out>
<![CDATA[ðŸ§ª Starting returning user test...
ðŸ“ Step 1: Sign in existing user

[[ATTACHMENT|complete-user-journey-new--4982b--should-access-bot-directly-webkit\test-failed-1.png]]

[[ATTACHMENT|complete-user-journey-new--4982b--should-access-bot-directly-webkit\video.webm]]

[[ATTACHMENT|complete-user-journey-new--4982b--should-access-bot-directly-webkit\error-context.md]]
]]>
</system-out>
</testcase>
<testcase name="Complete User Journey - Authentication &amp; Payment Flow â€º Protected routes security test" classname="complete-user-journey-new.spec.ts" time="12.831">
<system-out>
<![CDATA[ðŸ§ª Starting security test...
ðŸ“ Testing route: /dashboard
âœ… Route /dashboard properly protected
ðŸ“ Testing route: /profile
âœ… Route /profile properly protected
ðŸ“ Testing route: /bot-access
âœ… Route /bot-access properly protected
ðŸ“ Testing route: /subscription
âœ… Route /subscription properly protected
âœ… Security test completed
]]>
</system-out>
</testcase>
<testcase name="Complete User Journey - Authentication &amp; Payment Flow â€º Payment flow integration test" classname="complete-user-journey-new.spec.ts" time="5.898">
<failure message="complete-user-journey-new.spec.ts:167:7 Payment flow integration test" type="FAILURE">
<![CDATA[  [webkit] â€º complete-user-journey-new.spec.ts:167:7 â€º Complete User Journey - Authentication & Payment Flow â€º Payment flow integration test 

    Error: expect.toBeVisible: Error: strict mode violation: locator('text=$9') resolved to 2 elements:
        1) <div class="text-3xl font-bold text-blue-600 mb-4">â€¦</div> aka getByText('$9/mo')
        2) <div class="text-3xl font-bold text-blue-600 mb-4">â€¦</div> aka getByText('$99/mo')

    Call log:
      - Expect "toBeVisible" with timeout 10000ms
      - waiting for locator('text=$9')


      179 |     // Step 2: Check plan features
      180 |     console.log('ðŸ“ Step 2: Verify plan features');
    > 181 |     await expect(page.locator('text=$9')).toBeVisible();
          |                                           ^
      182 |     await expect(page.locator('text=$29')).toBeVisible();
      183 |     await expect(page.locator('text=$99')).toBeVisible();
      184 |
        at C:\Users\jayve\projects\project\clixen-ai\frontend\tests\complete-user-journey-new.spec.ts:181:43

    attachment #1: screenshot (image/png) â”€â”€â”€â”€â”€â”€â”€â”€â”€â”€â”€â”€â”€â”€â”€â”€â”€â”€â”€â”€â”€â”€â”€â”€â”€â”€â”€â”€â”€â”€â”€â”€â”€â”€â”€â”€â”€â”€â”€â”€â”€â”€â”€â”€â”€â”€â”€â”€â”€â”€â”€â”€â”€â”€â”€â”€â”€â”€
    ..\test-results\complete-user-journey-new--37d8e-yment-flow-integration-test-webkit\test-failed-1.png
    â”€â”€â”€â”€â”€â”€â”€â”€â”€â”€â”€â”€â”€â”€â”€â”€â”€â”€â”€â”€â”€â”€â”€â”€â”€â”€â”€â”€â”€â”€â”€â”€â”€â”€â”€â”€â”€â”€â”€â”€â”€â”€â”€â”€â”€â”€â”€â”€â”€â”€â”€â”€â”€â”€â”€â”€â”€â”€â”€â”€â”€â”€â”€â”€â”€â”€â”€â”€â”€â”€â”€â”€â”€â”€â”€â”€â”€â”€â”€â”€â”€â”€â”€â”€â”€â”€â”€â”€â”€â”€â”€â”€â”€â”€â”€â”€

    attachment #2: video (video/webm) â”€â”€â”€â”€â”€â”€â”€â”€â”€â”€â”€â”€â”€â”€â”€â”€â”€â”€â”€â”€â”€â”€â”€â”€â”€â”€â”€â”€â”€â”€â”€â”€â”€â”€â”€â”€â”€â”€â”€â”€â”€â”€â”€â”€â”€â”€â”€â”€â”€â”€â”€â”€â”€â”€â”€â”€â”€â”€â”€â”€â”€â”€
    ..\test-results\complete-user-journey-new--37d8e-yment-flow-integration-test-webkit\video.webm
    â”€â”€â”€â”€â”€â”€â”€â”€â”€â”€â”€â”€â”€â”€â”€â”€â”€â”€â”€â”€â”€â”€â”€â”€â”€â”€â”€â”€â”€â”€â”€â”€â”€â”€â”€â”€â”€â”€â”€â”€â”€â”€â”€â”€â”€â”€â”€â”€â”€â”€â”€â”€â”€â”€â”€â”€â”€â”€â”€â”€â”€â”€â”€â”€â”€â”€â”€â”€â”€â”€â”€â”€â”€â”€â”€â”€â”€â”€â”€â”€â”€â”€â”€â”€â”€â”€â”€â”€â”€â”€â”€â”€â”€â”€â”€â”€

    Error Context: ..\test-results\complete-user-journey-new--37d8e-yment-flow-integration-test-webkit\error-context.md
]]>
</failure>
<system-out>
<![CDATA[ðŸ§ª Starting payment flow test...
ðŸ“ Step 1: Verify pricing plans
ðŸ“ Step 2: Verify plan features

[[ATTACHMENT|complete-user-journey-new--37d8e-yment-flow-integration-test-webkit\test-failed-1.png]]

[[ATTACHMENT|complete-user-journey-new--37d8e-yment-flow-integration-test-webkit\video.webm]]

[[ATTACHMENT|complete-user-journey-new--37d8e-yment-flow-integration-test-webkit\error-context.md]]
]]>
</system-out>
</testcase>
</testsuite>
<testsuite name="complete-user-journey-new.spec.ts" timestamp="2025-08-23T16:45:07.286Z" hostname="Mobile Chrome" tests="4" failures="3" skipped="0" time="29.852" errors="0">
<testcase name="Complete User Journey - Authentication &amp; Payment Flow â€º New user complete journey: signup â†’ payment â†’ bot access" classname="complete-user-journey-new.spec.ts" time="9.364">
<failure message="complete-user-journey-new.spec.ts:13:7 New user complete journey: signup â†’ payment â†’ bot access" type="FAILURE">
<![CDATA[  [Mobile Chrome] â€º complete-user-journey-new.spec.ts:13:7 â€º Complete User Journey - Authentication & Payment Flow â€º New user complete journey: signup â†’ payment â†’ bot access 

    TimeoutError: page.waitForSelector: Timeout 5000ms exceeded.
    Call log:
      - waiting for locator('[data-testid="auth-modal"]') to be visible


      28 |     await page.click('button:has-text("Get Started")');
      29 |     // Wait for auth modal to appear
    > 30 |     await page.waitForSelector('[data-testid="auth-modal"]', { timeout: 5000 });
         |                ^
      31 |
      32 |     // Step 4: Sign up as new user
      33 |     console.log('ðŸ“ Step 4: Sign up new user');
        at C:\Users\jayve\projects\project\clixen-ai\frontend\tests\complete-user-journey-new.spec.ts:30:16

    attachment #1: screenshot (image/png) â”€â”€â”€â”€â”€â”€â”€â”€â”€â”€â”€â”€â”€â”€â”€â”€â”€â”€â”€â”€â”€â”€â”€â”€â”€â”€â”€â”€â”€â”€â”€â”€â”€â”€â”€â”€â”€â”€â”€â”€â”€â”€â”€â”€â”€â”€â”€â”€â”€â”€â”€â”€â”€â”€â”€â”€â”€â”€
    ..\test-results\complete-user-journey-new--eec5a-gnup-â†’-payment-â†’-bot-access-Mobile-Chrome\test-failed-1.png
    â”€â”€â”€â”€â”€â”€â”€â”€â”€â”€â”€â”€â”€â”€â”€â”€â”€â”€â”€â”€â”€â”€â”€â”€â”€â”€â”€â”€â”€â”€â”€â”€â”€â”€â”€â”€â”€â”€â”€â”€â”€â”€â”€â”€â”€â”€â”€â”€â”€â”€â”€â”€â”€â”€â”€â”€â”€â”€â”€â”€â”€â”€â”€â”€â”€â”€â”€â”€â”€â”€â”€â”€â”€â”€â”€â”€â”€â”€â”€â”€â”€â”€â”€â”€â”€â”€â”€â”€â”€â”€â”€â”€â”€â”€â”€â”€

    attachment #2: video (video/webm) â”€â”€â”€â”€â”€â”€â”€â”€â”€â”€â”€â”€â”€â”€â”€â”€â”€â”€â”€â”€â”€â”€â”€â”€â”€â”€â”€â”€â”€â”€â”€â”€â”€â”€â”€â”€â”€â”€â”€â”€â”€â”€â”€â”€â”€â”€â”€â”€â”€â”€â”€â”€â”€â”€â”€â”€â”€â”€â”€â”€â”€â”€
    ..\test-results\complete-user-journey-new--eec5a-gnup-â†’-payment-â†’-bot-access-Mobile-Chrome\video.webm
    â”€â”€â”€â”€â”€â”€â”€â”€â”€â”€â”€â”€â”€â”€â”€â”€â”€â”€â”€â”€â”€â”€â”€â”€â”€â”€â”€â”€â”€â”€â”€â”€â”€â”€â”€â”€â”€â”€â”€â”€â”€â”€â”€â”€â”€â”€â”€â”€â”€â”€â”€â”€â”€â”€â”€â”€â”€â”€â”€â”€â”€â”€â”€â”€â”€â”€â”€â”€â”€â”€â”€â”€â”€â”€â”€â”€â”€â”€â”€â”€â”€â”€â”€â”€â”€â”€â”€â”€â”€â”€â”€â”€â”€â”€â”€â”€

    Error Context: ..\test-results\complete-user-journey-new--eec5a-gnup-â†’-payment-â†’-bot-access-Mobile-Chrome\error-context.md
]]>
</failure>
<system-out>
<![CDATA[ðŸ§ª Starting new user complete journey test...
ðŸ“ Step 1: Verify landing page loads
ðŸ“ Step 2: Verify dashboard redirect when not authenticated
ðŸ“ Step 3: Trigger authentication modal

[[ATTACHMENT|complete-user-journey-new--eec5a-gnup-â†’-payment-â†’-bot-access-Mobile-Chrome\test-failed-1.png]]

[[ATTACHMENT|complete-user-journey-new--eec5a-gnup-â†’-payment-â†’-bot-access-Mobile-Chrome\video.webm]]

[[ATTACHMENT|complete-user-journey-new--eec5a-gnup-â†’-payment-â†’-bot-access-Mobile-Chrome\error-context.md]]
]]>
</system-out>
</testcase>
<testcase name="Complete User Journey - Authentication &amp; Payment Flow â€º Returning user with payment should access bot directly" classname="complete-user-journey-new.spec.ts" time="7.198">
<failure message="complete-user-journey-new.spec.ts:99:7 Returning user with payment should access bot directly" type="FAILURE">
<![CDATA[  [Mobile Chrome] â€º complete-user-journey-new.spec.ts:99:7 â€º Complete User Journey - Authentication & Payment Flow â€º Returning user with payment should access bot directly 

    TimeoutError: page.waitForSelector: Timeout 5000ms exceeded.
    Call log:
      - waiting for locator('[data-testid="auth-modal"]') to be visible


      103 |     console.log('ðŸ“ Step 1: Sign in existing user');
      104 |     await page.click('button:has-text("Sign In")');
    > 105 |     await page.waitForSelector('[data-testid="auth-modal"]', { timeout: 5000 });
          |                ^
      106 |     
      107 |     // Use existing test user
      108 |     await page.fill('input[type="email"]', 'testuser1@email.com');
        at C:\Users\jayve\projects\project\clixen-ai\frontend\tests\complete-user-journey-new.spec.ts:105:16

    attachment #1: screenshot (image/png) â”€â”€â”€â”€â”€â”€â”€â”€â”€â”€â”€â”€â”€â”€â”€â”€â”€â”€â”€â”€â”€â”€â”€â”€â”€â”€â”€â”€â”€â”€â”€â”€â”€â”€â”€â”€â”€â”€â”€â”€â”€â”€â”€â”€â”€â”€â”€â”€â”€â”€â”€â”€â”€â”€â”€â”€â”€â”€
    ..\test-results\complete-user-journey-new--4982b--should-access-bot-directly-Mobile-Chrome\test-failed-1.png
    â”€â”€â”€â”€â”€â”€â”€â”€â”€â”€â”€â”€â”€â”€â”€â”€â”€â”€â”€â”€â”€â”€â”€â”€â”€â”€â”€â”€â”€â”€â”€â”€â”€â”€â”€â”€â”€â”€â”€â”€â”€â”€â”€â”€â”€â”€â”€â”€â”€â”€â”€â”€â”€â”€â”€â”€â”€â”€â”€â”€â”€â”€â”€â”€â”€â”€â”€â”€â”€â”€â”€â”€â”€â”€â”€â”€â”€â”€â”€â”€â”€â”€â”€â”€â”€â”€â”€â”€â”€â”€â”€â”€â”€â”€â”€â”€

    attachment #2: video (video/webm) â”€â”€â”€â”€â”€â”€â”€â”€â”€â”€â”€â”€â”€â”€â”€â”€â”€â”€â”€â”€â”€â”€â”€â”€â”€â”€â”€â”€â”€â”€â”€â”€â”€â”€â”€â”€â”€â”€â”€â”€â”€â”€â”€â”€â”€â”€â”€â”€â”€â”€â”€â”€â”€â”€â”€â”€â”€â”€â”€â”€â”€â”€
    ..\test-results\complete-user-journey-new--4982b--should-access-bot-directly-Mobile-Chrome\video.webm
    â”€â”€â”€â”€â”€â”€â”€â”€â”€â”€â”€â”€â”€â”€â”€â”€â”€â”€â”€â”€â”€â”€â”€â”€â”€â”€â”€â”€â”€â”€â”€â”€â”€â”€â”€â”€â”€â”€â”€â”€â”€â”€â”€â”€â”€â”€â”€â”€â”€â”€â”€â”€â”€â”€â”€â”€â”€â”€â”€â”€â”€â”€â”€â”€â”€â”€â”€â”€â”€â”€â”€â”€â”€â”€â”€â”€â”€â”€â”€â”€â”€â”€â”€â”€â”€â”€â”€â”€â”€â”€â”€â”€â”€â”€â”€â”€

    Error Context: ..\test-results\complete-user-journey-new--4982b--should-access-bot-directly-Mobile-Chrome\error-context.md
]]>
</failure>
<system-out>
<![CDATA[ðŸ§ª Starting returning user test...
ðŸ“ Step 1: Sign in existing user

[[ATTACHMENT|complete-user-journey-new--4982b--should-access-bot-directly-Mobile-Chrome\test-failed-1.png]]

[[ATTACHMENT|complete-user-journey-new--4982b--should-access-bot-directly-Mobile-Chrome\video.webm]]

[[ATTACHMENT|complete-user-journey-new--4982b--should-access-bot-directly-Mobile-Chrome\error-context.md]]
]]>
</system-out>
</testcase>
<testcase name="Complete User Journey - Authentication &amp; Payment Flow â€º Protected routes security test" classname="complete-user-journey-new.spec.ts" time="10.117">
<system-out>
<![CDATA[ðŸ§ª Starting security test...
ðŸ“ Testing route: /dashboard
âœ… Route /dashboard properly protected
ðŸ“ Testing route: /profile
âœ… Route /profile properly protected
ðŸ“ Testing route: /bot-access
âœ… Route /bot-access properly protected
ðŸ“ Testing route: /subscription
âœ… Route /subscription properly protected
âœ… Security test completed
]]>
</system-out>
</testcase>
<testcase name="Complete User Journey - Authentication &amp; Payment Flow â€º Payment flow integration test" classname="complete-user-journey-new.spec.ts" time="3.173">
<failure message="complete-user-journey-new.spec.ts:167:7 Payment flow integration test" type="FAILURE">
<![CDATA[  [Mobile Chrome] â€º complete-user-journey-new.spec.ts:167:7 â€º Complete User Journey - Authentication & Payment Flow â€º Payment flow integration test 

    Error: expect.toBeVisible: Error: strict mode violation: locator('text=$9') resolved to 2 elements:
        1) <div class="text-3xl font-bold text-blue-600 mb-4">â€¦</div> aka getByText('$9/mo')
        2) <div class="text-3xl font-bold text-blue-600 mb-4">â€¦</div> aka getByText('$99/mo')

    Call log:
      - Expect "toBeVisible" with timeout 10000ms
      - waiting for locator('text=$9')


      179 |     // Step 2: Check plan features
      180 |     console.log('ðŸ“ Step 2: Verify plan features');
    > 181 |     await expect(page.locator('text=$9')).toBeVisible();
          |                                           ^
      182 |     await expect(page.locator('text=$29')).toBeVisible();
      183 |     await expect(page.locator('text=$99')).toBeVisible();
      184 |
        at C:\Users\jayve\projects\project\clixen-ai\frontend\tests\complete-user-journey-new.spec.ts:181:43

    attachment #1: screenshot (image/png) â”€â”€â”€â”€â”€â”€â”€â”€â”€â”€â”€â”€â”€â”€â”€â”€â”€â”€â”€â”€â”€â”€â”€â”€â”€â”€â”€â”€â”€â”€â”€â”€â”€â”€â”€â”€â”€â”€â”€â”€â”€â”€â”€â”€â”€â”€â”€â”€â”€â”€â”€â”€â”€â”€â”€â”€â”€â”€
    ..\test-results\complete-user-journey-new--37d8e-yment-flow-integration-test-Mobile-Chrome\test-failed-1.png
    â”€â”€â”€â”€â”€â”€â”€â”€â”€â”€â”€â”€â”€â”€â”€â”€â”€â”€â”€â”€â”€â”€â”€â”€â”€â”€â”€â”€â”€â”€â”€â”€â”€â”€â”€â”€â”€â”€â”€â”€â”€â”€â”€â”€â”€â”€â”€â”€â”€â”€â”€â”€â”€â”€â”€â”€â”€â”€â”€â”€â”€â”€â”€â”€â”€â”€â”€â”€â”€â”€â”€â”€â”€â”€â”€â”€â”€â”€â”€â”€â”€â”€â”€â”€â”€â”€â”€â”€â”€â”€â”€â”€â”€â”€â”€â”€

    attachment #2: video (video/webm) â”€â”€â”€â”€â”€â”€â”€â”€â”€â”€â”€â”€â”€â”€â”€â”€â”€â”€â”€â”€â”€â”€â”€â”€â”€â”€â”€â”€â”€â”€â”€â”€â”€â”€â”€â”€â”€â”€â”€â”€â”€â”€â”€â”€â”€â”€â”€â”€â”€â”€â”€â”€â”€â”€â”€â”€â”€â”€â”€â”€â”€â”€
    ..\test-results\complete-user-journey-new--37d8e-yment-flow-integration-test-Mobile-Chrome\video.webm
    â”€â”€â”€â”€â”€â”€â”€â”€â”€â”€â”€â”€â”€â”€â”€â”€â”€â”€â”€â”€â”€â”€â”€â”€â”€â”€â”€â”€â”€â”€â”€â”€â”€â”€â”€â”€â”€â”€â”€â”€â”€â”€â”€â”€â”€â”€â”€â”€â”€â”€â”€â”€â”€â”€â”€â”€â”€â”€â”€â”€â”€â”€â”€â”€â”€â”€â”€â”€â”€â”€â”€â”€â”€â”€â”€â”€â”€â”€â”€â”€â”€â”€â”€â”€â”€â”€â”€â”€â”€â”€â”€â”€â”€â”€â”€â”€

    Error Context: ..\test-results\complete-user-journey-new--37d8e-yment-flow-integration-test-Mobile-Chrome\error-context.md
]]>
</failure>
<system-out>
<![CDATA[ðŸ§ª Starting payment flow test...
ðŸ“ Step 1: Verify pricing plans
ðŸ“ Step 2: Verify plan features

[[ATTACHMENT|complete-user-journey-new--37d8e-yment-flow-integration-test-Mobile-Chrome\test-failed-1.png]]

[[ATTACHMENT|complete-user-journey-new--37d8e-yment-flow-integration-test-Mobile-Chrome\video.webm]]

[[ATTACHMENT|complete-user-journey-new--37d8e-yment-flow-integration-test-Mobile-Chrome\error-context.md]]
]]>
</system-out>
</testcase>
</testsuite>
<testsuite name="complete-user-journey-new.spec.ts" timestamp="2025-08-23T16:45:07.286Z" hostname="Mobile Safari" tests="4" failures="4" skipped="0" time="9.616" errors="0">
<testcase name="Complete User Journey - Authentication &amp; Payment Flow â€º New user complete journey: signup â†’ payment â†’ bot access" classname="complete-user-journey-new.spec.ts" time="9.616">
<failure message="complete-user-journey-new.spec.ts:13:7 New user complete journey: signup â†’ payment â†’ bot access" type="FAILURE">
<![CDATA[  [Mobile Safari] â€º complete-user-journey-new.spec.ts:13:7 â€º Complete User Journey - Authentication & Payment Flow â€º New user complete journey: signup â†’ payment â†’ bot access 

    TimeoutError: page.waitForSelector: Timeout 5000ms exceeded.
    Call log:
      - waiting for locator('[data-testid="auth-modal"]') to be visible


      28 |     await page.click('button:has-text("Get Started")');
      29 |     // Wait for auth modal to appear
    > 30 |     await page.waitForSelector('[data-testid="auth-modal"]', { timeout: 5000 });
         |                ^
      31 |
      32 |     // Step 4: Sign up as new user
      33 |     console.log('ðŸ“ Step 4: Sign up new user');
        at C:\Users\jayve\projects\project\clixen-ai\frontend\tests\complete-user-journey-new.spec.ts:30:16

    attachment #1: screenshot (image/png) â”€â”€â”€â”€â”€â”€â”€â”€â”€â”€â”€â”€â”€â”€â”€â”€â”€â”€â”€â”€â”€â”€â”€â”€â”€â”€â”€â”€â”€â”€â”€â”€â”€â”€â”€â”€â”€â”€â”€â”€â”€â”€â”€â”€â”€â”€â”€â”€â”€â”€â”€â”€â”€â”€â”€â”€â”€â”€
    ..\test-results\complete-user-journey-new--eec5a-gnup-â†’-payment-â†’-bot-access-Mobile-Safari\test-failed-1.png
    â”€â”€â”€â”€â”€â”€â”€â”€â”€â”€â”€â”€â”€â”€â”€â”€â”€â”€â”€â”€â”€â”€â”€â”€â”€â”€â”€â”€â”€â”€â”€â”€â”€â”€â”€â”€â”€â”€â”€â”€â”€â”€â”€â”€â”€â”€â”€â”€â”€â”€â”€â”€â”€â”€â”€â”€â”€â”€â”€â”€â”€â”€â”€â”€â”€â”€â”€â”€â”€â”€â”€â”€â”€â”€â”€â”€â”€â”€â”€â”€â”€â”€â”€â”€â”€â”€â”€â”€â”€â”€â”€â”€â”€â”€â”€â”€

    attachment #2: video (video/webm) â”€â”€â”€â”€â”€â”€â”€â”€â”€â”€â”€â”€â”€â”€â”€â”€â”€â”€â”€â”€â”€â”€â”€â”€â”€â”€â”€â”€â”€â”€â”€â”€â”€â”€â”€â”€â”€â”€â”€â”€â”€â”€â”€â”€â”€â”€â”€â”€â”€â”€â”€â”€â”€â”€â”€â”€â”€â”€â”€â”€â”€â”€
    ..\test-results\complete-user-journey-new--eec5a-gnup-â†’-payment-â†’-bot-access-Mobile-Safari\video.webm
    â”€â”€â”€â”€â”€â”€â”€â”€â”€â”€â”€â”€â”€â”€â”€â”€â”€â”€â”€â”€â”€â”€â”€â”€â”€â”€â”€â”€â”€â”€â”€â”€â”€â”€â”€â”€â”€â”€â”€â”€â”€â”€â”€â”€â”€â”€â”€â”€â”€â”€â”€â”€â”€â”€â”€â”€â”€â”€â”€â”€â”€â”€â”€â”€â”€â”€â”€â”€â”€â”€â”€â”€â”€â”€â”€â”€â”€â”€â”€â”€â”€â”€â”€â”€â”€â”€â”€â”€â”€â”€â”€â”€â”€â”€â”€â”€

    Error Context: ..\test-results\complete-user-journey-new--eec5a-gnup-â†’-payment-â†’-bot-access-Mobile-Safari\error-context.md
]]>
</failure>
<system-out>
<![CDATA[ðŸ§ª Starting new user complete journey test...
ðŸ“ Step 1: Verify landing page loads
ðŸ“ Step 2: Verify dashboard redirect when not authenticated
ðŸ“ Step 3: Trigger authentication modal

[[ATTACHMENT|complete-user-journey-new--eec5a-gnup-â†’-payment-â†’-bot-access-Mobile-Safari\test-failed-1.png]]

[[ATTACHMENT|complete-user-journey-new--eec5a-gnup-â†’-payment-â†’-bot-access-Mobile-Safari\video.webm]]

[[ATTACHMENT|complete-user-journey-new--eec5a-gnup-â†’-payment-â†’-bot-access-Mobile-Safari\error-context.md]]
]]>
</system-out>
</testcase>
<testcase name="Complete User Journey - Authentication &amp; Payment Flow â€º Returning user with payment should access bot directly" classname="complete-user-journey-new.spec.ts" time="0">
<failure message="complete-user-journey-new.spec.ts:99:7 Returning user with payment should access bot directly" type="FAILURE">
<![CDATA[  [Mobile Safari] â€º complete-user-journey-new.spec.ts:99:7 â€º Complete User Journey - Authentication & Payment Flow â€º Returning user with payment should access bot directly 

    Error: worker process exited unexpectedly (code=3221225794, signal=null)
]]>
</failure>
</testcase>
<testcase name="Complete User Journey - Authentication &amp; Payment Flow â€º Protected routes security test" classname="complete-user-journey-new.spec.ts" time="0">
<failure message="complete-user-journey-new.spec.ts:142:7 Protected routes security test" type="FAILURE">
<![CDATA[  [Mobile Safari] â€º complete-user-journey-new.spec.ts:142:7 â€º Complete User Journey - Authentication & Payment Flow â€º Protected routes security test 

    Error: worker process exited unexpectedly (code=3221225794, signal=null)
]]>
</failure>
</testcase>
<testcase name="Complete User Journey - Authentication &amp; Payment Flow â€º Payment flow integration test" classname="complete-user-journey-new.spec.ts" time="0">
<failure message="complete-user-journey-new.spec.ts:167:7 Payment flow integration test" type="FAILURE">
<![CDATA[  [Mobile Safari] â€º complete-user-journey-new.spec.ts:167:7 â€º Complete User Journey - Authentication & Payment Flow â€º Payment flow integration test 

    Error: worker process exited unexpectedly (code=3221225794, signal=null)
]]>
</failure>
</testcase>
</testsuite>
</testsuites>